2023-08-06 08:35:58.670702 - Initialized conversion of CBT943
2023-08-06 08:36:02.789530 - Received CBT.V505.FILE943.PDS from FILE943.XMI 
2023-08-06 08:36:02.792088 - Found $$$#DATE.txt (text/plain) in CBT.V505.FILE943.PDS, moved to PDS/$$$#DATE
2023-08-06 08:36:02.793326 - Found @FILE943.txt (text/plain) in CBT.V505.FILE943.PDS, moved to PDS/@FILE943
2023-08-06 08:36:02.794372 - Found C022A00I.txt (text/plain) in CBT.V505.FILE943.PDS, moved to PDS/C022A00I
2023-08-06 08:36:02.795320 - Found C022A01.txt (text/plain) in CBT.V505.FILE943.PDS, moved to PDS/C022A01
2023-08-06 08:36:02.796341 - Found C022A02.txt (text/plain) in CBT.V505.FILE943.PDS, moved to PDS/C022A02
2023-08-06 08:36:02.797252 - Found C022A03.txt (text/plain) in CBT.V505.FILE943.PDS, moved to PDS/C022A03
2023-08-06 08:36:02.798180 - Found C022A04.txt (text/plain) in CBT.V505.FILE943.PDS, moved to PDS/C022A04
2023-08-06 08:36:02.799122 - Found C022A05.txt (text/plain) in CBT.V505.FILE943.PDS, moved to PDS/C022A05
2023-08-06 08:36:02.800075 - Found C022A06.txt (text/plain) in CBT.V505.FILE943.PDS, moved to PDS/C022A06
2023-08-06 08:36:02.801028 - Found C022A07.txt (text/plain) in CBT.V505.FILE943.PDS, moved to PDS/C022A07
2023-08-06 08:36:02.802046 - Found C022A08.txt (text/plain) in CBT.V505.FILE943.PDS, moved to PDS/C022A08
2023-08-06 08:36:02.802957 - Found C022A09.txt (text/plain) in CBT.V505.FILE943.PDS, moved to PDS/C022A09
2023-08-06 08:36:02.803833 - Found C022A10.txt (text/plain) in CBT.V505.FILE943.PDS, moved to PDS/C022A10
2023-08-06 08:36:02.804708 - Found C022A11.txt (text/plain) in CBT.V505.FILE943.PDS, moved to PDS/C022A11
2023-08-06 08:36:02.805576 - Found C022A12.txt (text/plain) in CBT.V505.FILE943.PDS, moved to PDS/C022A12
2023-08-06 08:36:02.806637 - Found C023A00I.txt (text/plain) in CBT.V505.FILE943.PDS, moved to PDS/C023A00I
2023-08-06 08:36:02.807527 - Found C023A01.txt (text/plain) in CBT.V505.FILE943.PDS, moved to PDS/C023A01
2023-08-06 08:36:02.808396 - Found C023A02.txt (text/plain) in CBT.V505.FILE943.PDS, moved to PDS/C023A02
2023-08-06 08:36:02.809314 - Found C023A03.txt (text/plain) in CBT.V505.FILE943.PDS, moved to PDS/C023A03
2023-08-06 08:36:02.810267 - Found C023A04.txt (text/plain) in CBT.V505.FILE943.PDS, moved to PDS/C023A04
2023-08-06 08:36:02.811301 - Found C023A05.txt (text/plain) in CBT.V505.FILE943.PDS, moved to PDS/C023A05
2023-08-06 08:36:02.812238 - Found C023A06.txt (text/plain) in CBT.V505.FILE943.PDS, moved to PDS/C023A06
2023-08-06 08:36:02.813153 - Found C023A07.txt (text/plain) in CBT.V505.FILE943.PDS, moved to PDS/C023A07
2023-08-06 08:36:02.814105 - Found C023A08.txt (text/plain) in CBT.V505.FILE943.PDS, moved to PDS/C023A08
2023-08-06 08:36:02.815098 - Found C023A09.txt (text/plain) in CBT.V505.FILE943.PDS, moved to PDS/C023A09
2023-08-06 08:36:02.815983 - Found C023A10.txt (text/plain) in CBT.V505.FILE943.PDS, moved to PDS/C023A10
2023-08-06 08:36:02.816839 - Found C023A11.txt (text/plain) in CBT.V505.FILE943.PDS, moved to PDS/C023A11
2023-08-06 08:36:02.817776 - Found C024A00I.txt (text/plain) in CBT.V505.FILE943.PDS, moved to PDS/C024A00I
2023-08-06 08:36:02.818709 - Found C024A01.txt (text/plain) in CBT.V505.FILE943.PDS, moved to PDS/C024A01
2023-08-06 08:36:02.819605 - Found C024A02.txt (text/plain) in CBT.V505.FILE943.PDS, moved to PDS/C024A02
2023-08-06 08:36:02.820450 - Found C024A03.txt (text/plain) in CBT.V505.FILE943.PDS, moved to PDS/C024A03
2023-08-06 08:36:02.821287 - Found C024A04.txt (text/plain) in CBT.V505.FILE943.PDS, moved to PDS/C024A04
2023-08-06 08:36:02.822263 - Found C024A05.txt (text/plain) in CBT.V505.FILE943.PDS, moved to PDS/C024A05
2023-08-06 08:36:02.823204 - Found C024A06.txt (text/plain) in CBT.V505.FILE943.PDS, moved to PDS/C024A06
2023-08-06 08:36:02.824139 - Found C024A07.txt (text/plain) in CBT.V505.FILE943.PDS, moved to PDS/C024A07
2023-08-06 08:36:02.825030 - Found C024A08.txt (text/plain) in CBT.V505.FILE943.PDS, moved to PDS/C024A08
2023-08-06 08:36:02.825997 - Found C024A09.txt (text/plain) in CBT.V505.FILE943.PDS, moved to PDS/C024A09
2023-08-06 08:36:02.826992 - Found C025A00I.txt (text/plain) in CBT.V505.FILE943.PDS, moved to PDS/C025A00I
2023-08-06 08:36:02.827926 - Found C025A01.txt (text/plain) in CBT.V505.FILE943.PDS, moved to PDS/C025A01
2023-08-06 08:36:02.828885 - Found C025A02.txt (text/plain) in CBT.V505.FILE943.PDS, moved to PDS/C025A02
2023-08-06 08:36:02.829921 - Found C025A03.txt (text/plain) in CBT.V505.FILE943.PDS, moved to PDS/C025A03
2023-08-06 08:36:02.830895 - Found C025A04.txt (text/plain) in CBT.V505.FILE943.PDS, moved to PDS/C025A04
2023-08-06 08:36:02.831787 - Found C025A05.txt (text/plain) in CBT.V505.FILE943.PDS, moved to PDS/C025A05
2023-08-06 08:36:02.832646 - Found C025A06.txt (text/plain) in CBT.V505.FILE943.PDS, moved to PDS/C025A06
2023-08-06 08:36:02.832656 - Found C025A07.bin containing application/octet-stream, moved to PDS/C025A07
2023-08-06 08:36:02.834632 - Found C025A08.txt (text/plain) in CBT.V505.FILE943.PDS, moved to PDS/C025A08
2023-08-06 08:36:02.835579 - Found C025A09.txt (text/plain) in CBT.V505.FILE943.PDS, moved to PDS/C025A09
2023-08-06 08:36:02.836548 - Found C025A10.txt (text/plain) in CBT.V505.FILE943.PDS, moved to PDS/C025A10
2023-08-06 08:36:02.837466 - Found C025A11.txt (text/plain) in CBT.V505.FILE943.PDS, moved to PDS/C025A11
2023-08-06 08:36:02.838477 - Found C025A12.txt (text/plain) in CBT.V505.FILE943.PDS, moved to PDS/C025A12
2023-08-06 08:36:02.839498 - Found C026A00I.txt (text/plain) in CBT.V505.FILE943.PDS, moved to PDS/C026A00I
2023-08-06 08:36:02.840488 - Found C026A01.txt (text/plain) in CBT.V505.FILE943.PDS, moved to PDS/C026A01
2023-08-06 08:36:02.841504 - Found C026A02.txt (text/plain) in CBT.V505.FILE943.PDS, moved to PDS/C026A02
2023-08-06 08:36:02.842435 - Found C026A03.txt (text/plain) in CBT.V505.FILE943.PDS, moved to PDS/C026A03
2023-08-06 08:36:02.843421 - Found C026A04.txt (text/plain) in CBT.V505.FILE943.PDS, moved to PDS/C026A04
2023-08-06 08:36:02.844393 - Found C026A05.txt (text/plain) in CBT.V505.FILE943.PDS, moved to PDS/C026A05
2023-08-06 08:36:02.845442 - Found C026A06.txt (text/plain) in CBT.V505.FILE943.PDS, moved to PDS/C026A06
2023-08-06 08:36:02.846621 - Found C026A07.txt (text/plain) in CBT.V505.FILE943.PDS, moved to PDS/C026A07
2023-08-06 08:36:02.847655 - Found C026A08.txt (text/plain) in CBT.V505.FILE943.PDS, moved to PDS/C026A08
2023-08-06 08:36:02.848720 - Found C026A09.txt (text/plain) in CBT.V505.FILE943.PDS, moved to PDS/C026A09
2023-08-06 08:36:02.849652 - Found C027A00I.txt (text/plain) in CBT.V505.FILE943.PDS, moved to PDS/C027A00I
2023-08-06 08:36:02.850568 - Found C027A01.txt (text/plain) in CBT.V505.FILE943.PDS, moved to PDS/C027A01
2023-08-06 08:36:02.851478 - Found C027A02.txt (text/plain) in CBT.V505.FILE943.PDS, moved to PDS/C027A02
2023-08-06 08:36:02.852285 - Found C027A03.txt (text/plain) in CBT.V505.FILE943.PDS, moved to PDS/C027A03
2023-08-06 08:36:02.853156 - Found C027A04.txt (text/plain) in CBT.V505.FILE943.PDS, moved to PDS/C027A04
2023-08-06 08:36:02.854165 - Found C027A05.txt (text/plain) in CBT.V505.FILE943.PDS, moved to PDS/C027A05
2023-08-06 08:36:02.855087 - Found C027A06.txt (text/plain) in CBT.V505.FILE943.PDS, moved to PDS/C027A06
2023-08-06 08:36:02.856046 - Found C027A07.txt (text/plain) in CBT.V505.FILE943.PDS, moved to PDS/C027A07
2023-08-06 08:36:02.857028 - Found C027A08.txt (text/plain) in CBT.V505.FILE943.PDS, moved to PDS/C027A08
2023-08-06 08:36:02.857960 - Found C027A09.txt (text/plain) in CBT.V505.FILE943.PDS, moved to PDS/C027A09
2023-08-06 08:36:02.858847 - Found C027A10.txt (text/plain) in CBT.V505.FILE943.PDS, moved to PDS/C027A10
2023-08-06 08:36:02.859741 - Found C028A00I.txt (text/plain) in CBT.V505.FILE943.PDS, moved to PDS/C028A00I
2023-08-06 08:36:02.860583 - Found C028A01.txt (text/plain) in CBT.V505.FILE943.PDS, moved to PDS/C028A01
2023-08-06 08:36:02.861462 - Found C028A02.txt (text/plain) in CBT.V505.FILE943.PDS, moved to PDS/C028A02
2023-08-06 08:36:02.862427 - Found C028A03.txt (text/plain) in CBT.V505.FILE943.PDS, moved to PDS/C028A03
2023-08-06 08:36:02.863349 - Found C028A04.txt (text/plain) in CBT.V505.FILE943.PDS, moved to PDS/C028A04
2023-08-06 08:36:02.864212 - Found C028A05.txt (text/plain) in CBT.V505.FILE943.PDS, moved to PDS/C028A05
2023-08-06 08:36:02.865100 - Found C028A06.txt (text/plain) in CBT.V505.FILE943.PDS, moved to PDS/C028A06
2023-08-06 08:36:02.866028 - Found C028A07.txt (text/plain) in CBT.V505.FILE943.PDS, moved to PDS/C028A07
2023-08-06 08:36:02.866890 - Found C028A08.txt (text/plain) in CBT.V505.FILE943.PDS, moved to PDS/C028A08
2023-08-06 08:36:02.866901 - Found C028A09.bin containing application/octet-stream, moved to PDS/C028A09
2023-08-06 08:36:02.868586 - Found C028A10.txt (text/plain) in CBT.V505.FILE943.PDS, moved to PDS/C028A10
2023-08-06 08:36:02.869439 - Found C029A00I.txt (text/plain) in CBT.V505.FILE943.PDS, moved to PDS/C029A00I
2023-08-06 08:36:02.870334 - Found C029A01.txt (text/plain) in CBT.V505.FILE943.PDS, moved to PDS/C029A01
2023-08-06 08:36:02.871173 - Found C029A02.txt (text/plain) in CBT.V505.FILE943.PDS, moved to PDS/C029A02
2023-08-06 08:36:02.871995 - Found C029A03.txt (text/plain) in CBT.V505.FILE943.PDS, moved to PDS/C029A03
2023-08-06 08:36:02.872819 - Found C029A04.txt (text/plain) in CBT.V505.FILE943.PDS, moved to PDS/C029A04
2023-08-06 08:36:02.873847 - Found C029A05.txt (text/plain) in CBT.V505.FILE943.PDS, moved to PDS/C029A05
2023-08-06 08:36:02.874762 - Found C029A06.txt (text/plain) in CBT.V505.FILE943.PDS, moved to PDS/C029A06
2023-08-06 08:36:02.875646 - Found C029A07.txt (text/plain) in CBT.V505.FILE943.PDS, moved to PDS/C029A07
2023-08-06 08:36:02.876501 - Found C029A08.txt (text/plain) in CBT.V505.FILE943.PDS, moved to PDS/C029A08
2023-08-06 08:36:02.877393 - Found C029A09.txt (text/plain) in CBT.V505.FILE943.PDS, moved to PDS/C029A09
2023-08-06 08:36:02.878425 - Found C029A10.txt (text/plain) in CBT.V505.FILE943.PDS, moved to PDS/C029A10
2023-08-06 08:36:02.879463 - Found C030A00I.txt (text/plain) in CBT.V505.FILE943.PDS, moved to PDS/C030A00I
2023-08-06 08:36:02.880415 - Found C030A01.txt (text/plain) in CBT.V505.FILE943.PDS, moved to PDS/C030A01
2023-08-06 08:36:02.881395 - Found C030A02.txt (text/plain) in CBT.V505.FILE943.PDS, moved to PDS/C030A02
2023-08-06 08:36:02.882309 - Found C030A03.txt (text/plain) in CBT.V505.FILE943.PDS, moved to PDS/C030A03
2023-08-06 08:36:02.883186 - Found C030A04.txt (text/plain) in CBT.V505.FILE943.PDS, moved to PDS/C030A04
2023-08-06 08:36:02.884023 - Found C030A05.txt (text/plain) in CBT.V505.FILE943.PDS, moved to PDS/C030A05
2023-08-06 08:36:02.884839 - Found C030A06.txt (text/plain) in CBT.V505.FILE943.PDS, moved to PDS/C030A06
2023-08-06 08:36:02.885675 - Found C030A07.txt (text/plain) in CBT.V505.FILE943.PDS, moved to PDS/C030A07
2023-08-06 08:36:02.886636 - Found C030A08.txt (text/plain) in CBT.V505.FILE943.PDS, moved to PDS/C030A08
2023-08-06 08:36:02.887534 - Found C030A09.txt (text/plain) in CBT.V505.FILE943.PDS, moved to PDS/C030A09
2023-08-06 08:36:02.888399 - Found C030A10.txt (text/plain) in CBT.V505.FILE943.PDS, moved to PDS/C030A10
2023-08-06 08:36:02.889272 - Found C031A00I.txt (text/plain) in CBT.V505.FILE943.PDS, moved to PDS/C031A00I
2023-08-06 08:36:02.890332 - Found C031A01.txt (text/plain) in CBT.V505.FILE943.PDS, moved to PDS/C031A01
2023-08-06 08:36:02.891243 - Found C031A02.txt (text/plain) in CBT.V505.FILE943.PDS, moved to PDS/C031A02
2023-08-06 08:36:02.892058 - Found C031A03.txt (text/plain) in CBT.V505.FILE943.PDS, moved to PDS/C031A03
2023-08-06 08:36:02.892931 - Found C031A04.txt (text/plain) in CBT.V505.FILE943.PDS, moved to PDS/C031A04
2023-08-06 08:36:02.893919 - Found C031A05.txt (text/plain) in CBT.V505.FILE943.PDS, moved to PDS/C031A05
2023-08-06 08:36:02.894779 - Found C031A06.txt (text/plain) in CBT.V505.FILE943.PDS, moved to PDS/C031A06
2023-08-06 08:36:02.895746 - Found C031A07.txt (text/plain) in CBT.V505.FILE943.PDS, moved to PDS/C031A07
2023-08-06 08:36:02.896703 - Found C031A08.txt (text/plain) in CBT.V505.FILE943.PDS, moved to PDS/C031A08
2023-08-06 08:36:02.897768 - Found C031A09.txt (text/plain) in CBT.V505.FILE943.PDS, moved to PDS/C031A09
2023-08-06 08:36:02.898706 - Found C031A10.txt (text/plain) in CBT.V505.FILE943.PDS, moved to PDS/C031A10
2023-08-06 08:36:02.899613 - Found C032A00I.txt (text/plain) in CBT.V505.FILE943.PDS, moved to PDS/C032A00I
2023-08-06 08:36:02.900486 - Found C032A01.txt (text/plain) in CBT.V505.FILE943.PDS, moved to PDS/C032A01
2023-08-06 08:36:02.901333 - Found C032A02.txt (text/plain) in CBT.V505.FILE943.PDS, moved to PDS/C032A02
2023-08-06 08:36:02.902187 - Found C032A03.txt (text/plain) in CBT.V505.FILE943.PDS, moved to PDS/C032A03
2023-08-06 08:36:02.903055 - Found C032A04.txt (text/plain) in CBT.V505.FILE943.PDS, moved to PDS/C032A04
2023-08-06 08:36:02.903891 - Found C032A05.txt (text/plain) in CBT.V505.FILE943.PDS, moved to PDS/C032A05
2023-08-06 08:36:02.904701 - Found C032A06.txt (text/plain) in CBT.V505.FILE943.PDS, moved to PDS/C032A06
2023-08-06 08:36:02.905690 - Found C032A07.txt (text/plain) in CBT.V505.FILE943.PDS, moved to PDS/C032A07
2023-08-06 08:36:02.906687 - Found C032A08.txt (text/plain) in CBT.V505.FILE943.PDS, moved to PDS/C032A08
2023-08-06 08:36:02.907571 - Found C033A00I.txt (text/plain) in CBT.V505.FILE943.PDS, moved to PDS/C033A00I
2023-08-06 08:36:02.908434 - Found C033A01.txt (text/plain) in CBT.V505.FILE943.PDS, moved to PDS/C033A01
2023-08-06 08:36:02.909301 - Found C033A02.txt (text/plain) in CBT.V505.FILE943.PDS, moved to PDS/C033A02
2023-08-06 08:36:02.910299 - Found C033A03.txt (text/plain) in CBT.V505.FILE943.PDS, moved to PDS/C033A03
2023-08-06 08:36:02.911182 - Found C033A04.txt (text/plain) in CBT.V505.FILE943.PDS, moved to PDS/C033A04
2023-08-06 08:36:02.912056 - Found C033A05.txt (text/plain) in CBT.V505.FILE943.PDS, moved to PDS/C033A05
2023-08-06 08:36:02.912899 - Found C033A06.txt (text/plain) in CBT.V505.FILE943.PDS, moved to PDS/C033A06
2023-08-06 08:36:02.913911 - Found C033A07.txt (text/plain) in CBT.V505.FILE943.PDS, moved to PDS/C033A07
2023-08-06 08:36:02.914914 - Found C033A08.txt (text/plain) in CBT.V505.FILE943.PDS, moved to PDS/C033A08
2023-08-06 08:36:02.915813 - Found C033A09.txt (text/plain) in CBT.V505.FILE943.PDS, moved to PDS/C033A09
2023-08-06 08:36:02.916661 - Found C033A10.txt (text/plain) in CBT.V505.FILE943.PDS, moved to PDS/C033A10
2023-08-06 08:36:02.917679 - Found C033A11.txt (text/plain) in CBT.V505.FILE943.PDS, moved to PDS/C033A11
2023-08-06 08:36:02.918561 - Found C034A00I.txt (text/plain) in CBT.V505.FILE943.PDS, moved to PDS/C034A00I
2023-08-06 08:36:02.919466 - Found C034A01.txt (text/plain) in CBT.V505.FILE943.PDS, moved to PDS/C034A01
2023-08-06 08:36:02.920311 - Found C034A02.txt (text/plain) in CBT.V505.FILE943.PDS, moved to PDS/C034A02
2023-08-06 08:36:02.921220 - Found C034A03.txt (text/plain) in CBT.V505.FILE943.PDS, moved to PDS/C034A03
2023-08-06 08:36:02.922246 - Found C034A04.txt (text/plain) in CBT.V505.FILE943.PDS, moved to PDS/C034A04
2023-08-06 08:36:02.923155 - Found C034A05.txt (text/plain) in CBT.V505.FILE943.PDS, moved to PDS/C034A05
2023-08-06 08:36:02.924019 - Found C034A06.txt (text/plain) in CBT.V505.FILE943.PDS, moved to PDS/C034A06
2023-08-06 08:36:02.924905 - Found C034A07.txt (text/plain) in CBT.V505.FILE943.PDS, moved to PDS/C034A07
2023-08-06 08:36:02.926045 - Found C034A08.txt (text/plain) in CBT.V505.FILE943.PDS, moved to PDS/C034A08
2023-08-06 08:36:02.927014 - Found C034A09.txt (text/plain) in CBT.V505.FILE943.PDS, moved to PDS/C034A09
2023-08-06 08:36:02.927923 - Found C035A00I.txt (text/plain) in CBT.V505.FILE943.PDS, moved to PDS/C035A00I
2023-08-06 08:36:02.928898 - Found C035A01.txt (text/plain) in CBT.V505.FILE943.PDS, moved to PDS/C035A01
2023-08-06 08:36:02.929890 - Found C035A02.txt (text/plain) in CBT.V505.FILE943.PDS, moved to PDS/C035A02
2023-08-06 08:36:02.930925 - Found C035A03.txt (text/plain) in CBT.V505.FILE943.PDS, moved to PDS/C035A03
2023-08-06 08:36:02.931931 - Found C035A04.txt (text/plain) in CBT.V505.FILE943.PDS, moved to PDS/C035A04
2023-08-06 08:36:02.932913 - Found C035A05.txt (text/plain) in CBT.V505.FILE943.PDS, moved to PDS/C035A05
2023-08-06 08:36:02.933866 - Found C035A06.txt (text/plain) in CBT.V505.FILE943.PDS, moved to PDS/C035A06
2023-08-06 08:36:02.934780 - Found C035A07.txt (text/plain) in CBT.V505.FILE943.PDS, moved to PDS/C035A07
2023-08-06 08:36:02.935636 - Found C035A08.txt (text/plain) in CBT.V505.FILE943.PDS, moved to PDS/C035A08
2023-08-06 08:36:02.936499 - Found C035A09.txt (text/plain) in CBT.V505.FILE943.PDS, moved to PDS/C035A09
2023-08-06 08:36:02.937420 - Found C035A10.txt (text/plain) in CBT.V505.FILE943.PDS, moved to PDS/C035A10
2023-08-06 08:36:02.938375 - Found C036A00I.txt (text/plain) in CBT.V505.FILE943.PDS, moved to PDS/C036A00I
2023-08-06 08:36:02.939268 - Found C036A01.txt (text/plain) in CBT.V505.FILE943.PDS, moved to PDS/C036A01
2023-08-06 08:36:02.940133 - Found C036A02.txt (text/plain) in CBT.V505.FILE943.PDS, moved to PDS/C036A02
2023-08-06 08:36:02.941000 - Found C036A03.txt (text/plain) in CBT.V505.FILE943.PDS, moved to PDS/C036A03
2023-08-06 08:36:02.941973 - Found C036A04.txt (text/plain) in CBT.V505.FILE943.PDS, moved to PDS/C036A04
2023-08-06 08:36:02.942884 - Found C036A05.txt (text/plain) in CBT.V505.FILE943.PDS, moved to PDS/C036A05
2023-08-06 08:36:02.943759 - Found C036A06.txt (text/plain) in CBT.V505.FILE943.PDS, moved to PDS/C036A06
2023-08-06 08:36:02.944615 - Found C036A07.txt (text/plain) in CBT.V505.FILE943.PDS, moved to PDS/C036A07
2023-08-06 08:36:02.945556 - Found C036A08.txt (text/plain) in CBT.V505.FILE943.PDS, moved to PDS/C036A08
2023-08-06 08:36:02.946542 - Found C037A00I.txt (text/plain) in CBT.V505.FILE943.PDS, moved to PDS/C037A00I
2023-08-06 08:36:02.947458 - Found C037A01.txt (text/plain) in CBT.V505.FILE943.PDS, moved to PDS/C037A01
2023-08-06 08:36:02.948343 - Found C037A02.txt (text/plain) in CBT.V505.FILE943.PDS, moved to PDS/C037A02
2023-08-06 08:36:02.949235 - Found C037A03.txt (text/plain) in CBT.V505.FILE943.PDS, moved to PDS/C037A03
2023-08-06 08:36:02.950219 - Found C037A04.txt (text/plain) in CBT.V505.FILE943.PDS, moved to PDS/C037A04
2023-08-06 08:36:02.951195 - Found C037A05.txt (text/plain) in CBT.V505.FILE943.PDS, moved to PDS/C037A05
2023-08-06 08:36:02.952137 - Found C037A06.txt (text/plain) in CBT.V505.FILE943.PDS, moved to PDS/C037A06
2023-08-06 08:36:02.953001 - Found C037A07.txt (text/plain) in CBT.V505.FILE943.PDS, moved to PDS/C037A07
2023-08-06 08:36:02.953974 - Found C037A08.txt (text/plain) in CBT.V505.FILE943.PDS, moved to PDS/C037A08
2023-08-06 08:36:02.954845 - Found C037A09.txt (text/plain) in CBT.V505.FILE943.PDS, moved to PDS/C037A09
2023-08-06 08:36:02.954856 - Found C037A10.bin containing application/octet-stream, moved to PDS/C037A10
2023-08-06 08:36:02.956653 - Found C037A11.txt (text/plain) in CBT.V505.FILE943.PDS, moved to PDS/C037A11
2023-08-06 08:36:02.957663 - Found C038A00I.txt (text/plain) in CBT.V505.FILE943.PDS, moved to PDS/C038A00I
2023-08-06 08:36:02.958583 - Found C038A01.txt (text/plain) in CBT.V505.FILE943.PDS, moved to PDS/C038A01
2023-08-06 08:36:02.959441 - Found C038A02.txt (text/plain) in CBT.V505.FILE943.PDS, moved to PDS/C038A02
2023-08-06 08:36:02.960303 - Found C038A03.txt (text/plain) in CBT.V505.FILE943.PDS, moved to PDS/C038A03
2023-08-06 08:36:02.961158 - Found C038A04.txt (text/plain) in CBT.V505.FILE943.PDS, moved to PDS/C038A04
2023-08-06 08:36:02.962192 - Found C038A05.txt (text/plain) in CBT.V505.FILE943.PDS, moved to PDS/C038A05
2023-08-06 08:36:02.963190 - Found C038A06.txt (text/plain) in CBT.V505.FILE943.PDS, moved to PDS/C038A06
2023-08-06 08:36:02.963200 - Found C038A07.bin containing application/octet-stream, moved to PDS/C038A07
2023-08-06 08:36:02.964850 - Found C038A08.txt (text/plain) in CBT.V505.FILE943.PDS, moved to PDS/C038A08
2023-08-06 08:36:02.965886 - Found C038A09.txt (text/plain) in CBT.V505.FILE943.PDS, moved to PDS/C038A09
2023-08-06 08:36:02.966778 - Found C039A00I.txt (text/plain) in CBT.V505.FILE943.PDS, moved to PDS/C039A00I
2023-08-06 08:36:02.967643 - Found C039A01.txt (text/plain) in CBT.V505.FILE943.PDS, moved to PDS/C039A01
2023-08-06 08:36:02.968625 - Found C039A02.txt (text/plain) in CBT.V505.FILE943.PDS, moved to PDS/C039A02
2023-08-06 08:36:02.969592 - Found C039A03.txt (text/plain) in CBT.V505.FILE943.PDS, moved to PDS/C039A03
2023-08-06 08:36:02.970531 - Found C039A04.txt (text/plain) in CBT.V505.FILE943.PDS, moved to PDS/C039A04
2023-08-06 08:36:02.971411 - Found C039A05.txt (text/plain) in CBT.V505.FILE943.PDS, moved to PDS/C039A05
2023-08-06 08:36:02.972225 - Found C039A06.txt (text/plain) in CBT.V505.FILE943.PDS, moved to PDS/C039A06
2023-08-06 08:36:02.973245 - Found C039A07.txt (text/plain) in CBT.V505.FILE943.PDS, moved to PDS/C039A07
2023-08-06 08:36:02.974134 - Found C039A08.txt (text/plain) in CBT.V505.FILE943.PDS, moved to PDS/C039A08
2023-08-06 08:36:02.975078 - Found C039A09.txt (text/plain) in CBT.V505.FILE943.PDS, moved to PDS/C039A09
2023-08-06 08:36:02.976046 - Found C039A10.txt (text/plain) in CBT.V505.FILE943.PDS, moved to PDS/C039A10
2023-08-06 08:36:02.977032 - Found C040A00I.txt (text/plain) in CBT.V505.FILE943.PDS, moved to PDS/C040A00I
2023-08-06 08:36:02.977044 - Found C040A01.bin containing application/octet-stream, moved to PDS/C040A01
2023-08-06 08:36:02.979008 - Found C040A02.txt (text/plain) in CBT.V505.FILE943.PDS, moved to PDS/C040A02
2023-08-06 08:36:02.979963 - Found C040A03.txt (text/plain) in CBT.V505.FILE943.PDS, moved to PDS/C040A03
2023-08-06 08:36:02.979973 - Found C040A04.bin containing application/octet-stream, moved to PDS/C040A04
2023-08-06 08:36:02.980836 - Found C040A05.bin containing application/octet-stream, moved to PDS/C040A05
2023-08-06 08:36:02.982718 - Found C040A06.txt (text/plain) in CBT.V505.FILE943.PDS, moved to PDS/C040A06
2023-08-06 08:36:02.982727 - Found C040A07.bin containing application/octet-stream, moved to PDS/C040A07
2023-08-06 08:36:02.984425 - Found C040A08.txt (text/plain) in CBT.V505.FILE943.PDS, moved to PDS/C040A08
2023-08-06 08:36:02.985325 - Found C040A09.txt (text/plain) in CBT.V505.FILE943.PDS, moved to PDS/C040A09
2023-08-06 08:36:02.986166 - Found C041A00I.txt (text/plain) in CBT.V505.FILE943.PDS, moved to PDS/C041A00I
2023-08-06 08:36:02.986993 - Found C041A01.txt (text/plain) in CBT.V505.FILE943.PDS, moved to PDS/C041A01
2023-08-06 08:36:02.987831 - Found C041A02.txt (text/plain) in CBT.V505.FILE943.PDS, moved to PDS/C041A02
2023-08-06 08:36:02.988676 - Found C041A03.txt (text/plain) in CBT.V505.FILE943.PDS, moved to PDS/C041A03
2023-08-06 08:36:02.989636 - Found C041A04.txt (text/plain) in CBT.V505.FILE943.PDS, moved to PDS/C041A04
2023-08-06 08:36:02.990500 - Found C041A05.txt (text/plain) in CBT.V505.FILE943.PDS, moved to PDS/C041A05
2023-08-06 08:36:02.990511 - Found C041A06.bin containing application/octet-stream, moved to PDS/C041A06
2023-08-06 08:36:02.992583 - Found C041A07.txt (text/plain) in CBT.V505.FILE943.PDS, moved to PDS/C041A07
2023-08-06 08:36:02.992593 - Found C041A08.bin containing application/octet-stream, moved to PDS/C041A08
2023-08-06 08:36:02.994514 - Found C042A00I.txt (text/plain) in CBT.V505.FILE943.PDS, moved to PDS/C042A00I
2023-08-06 08:36:02.995541 - Found C042A01.txt (text/plain) in CBT.V505.FILE943.PDS, moved to PDS/C042A01
2023-08-06 08:36:02.996565 - Found C042A02.txt (text/plain) in CBT.V505.FILE943.PDS, moved to PDS/C042A02
2023-08-06 08:36:02.997560 - Found C042A03.txt (text/plain) in CBT.V505.FILE943.PDS, moved to PDS/C042A03
2023-08-06 08:36:02.997571 - Found C042A04.bin containing application/octet-stream, moved to PDS/C042A04
2023-08-06 08:36:02.999555 - Found C042A05.txt (text/plain) in CBT.V505.FILE943.PDS, moved to PDS/C042A05
2023-08-06 08:36:03.000525 - Found C042A06.txt (text/plain) in CBT.V505.FILE943.PDS, moved to PDS/C042A06
2023-08-06 08:36:03.001535 - Found C042A07.txt (text/plain) in CBT.V505.FILE943.PDS, moved to PDS/C042A07
2023-08-06 08:36:03.002568 - Found C042A08.txt (text/plain) in CBT.V505.FILE943.PDS, moved to PDS/C042A08
2023-08-06 08:36:03.003565 - Found C043A00I.txt (text/plain) in CBT.V505.FILE943.PDS, moved to PDS/C043A00I
2023-08-06 08:36:03.004446 - Found C043A01.txt (text/plain) in CBT.V505.FILE943.PDS, moved to PDS/C043A01
2023-08-06 08:36:03.005375 - Found C043A02.txt (text/plain) in CBT.V505.FILE943.PDS, moved to PDS/C043A02
2023-08-06 08:36:03.006233 - Found C043A03.txt (text/plain) in CBT.V505.FILE943.PDS, moved to PDS/C043A03
2023-08-06 08:36:03.007105 - Found C043A04.txt (text/plain) in CBT.V505.FILE943.PDS, moved to PDS/C043A04
2023-08-06 08:36:03.008058 - Found C043A05.txt (text/plain) in CBT.V505.FILE943.PDS, moved to PDS/C043A05
2023-08-06 08:36:03.008070 - Found C043A06.bin containing application/octet-stream, moved to PDS/C043A06
2023-08-06 08:36:03.010105 - Found C043A07.txt (text/plain) in CBT.V505.FILE943.PDS, moved to PDS/C043A07
2023-08-06 08:36:03.011002 - Found C043A08.txt (text/plain) in CBT.V505.FILE943.PDS, moved to PDS/C043A08
2023-08-06 08:36:03.011847 - Found C043A09.txt (text/plain) in CBT.V505.FILE943.PDS, moved to PDS/C043A09
2023-08-06 08:36:03.011858 - Found C043A10.bin containing application/octet-stream, moved to PDS/C043A10
2023-08-06 08:36:03.013603 - Found C043A11.txt (text/plain) in CBT.V505.FILE943.PDS, moved to PDS/C043A11
2023-08-06 08:36:03.014565 - Found C044A00I.txt (text/plain) in CBT.V505.FILE943.PDS, moved to PDS/C044A00I
2023-08-06 08:36:03.015466 - Found C044A01.txt (text/plain) in CBT.V505.FILE943.PDS, moved to PDS/C044A01
2023-08-06 08:36:03.016328 - Found C044A02.txt (text/plain) in CBT.V505.FILE943.PDS, moved to PDS/C044A02
2023-08-06 08:36:03.017216 - Found C044A03.txt (text/plain) in CBT.V505.FILE943.PDS, moved to PDS/C044A03
2023-08-06 08:36:03.018143 - Found C044A04.txt (text/plain) in CBT.V505.FILE943.PDS, moved to PDS/C044A04
2023-08-06 08:36:03.019088 - Found C044A05.txt (text/plain) in CBT.V505.FILE943.PDS, moved to PDS/C044A05
2023-08-06 08:36:03.019995 - Found C044A06.txt (text/plain) in CBT.V505.FILE943.PDS, moved to PDS/C044A06
2023-08-06 08:36:03.020004 - Found C044A07.bin containing application/octet-stream, moved to PDS/C044A07
2023-08-06 08:36:03.021842 - Found C044A08.txt (text/plain) in CBT.V505.FILE943.PDS, moved to PDS/C044A08
2023-08-06 08:36:03.022747 - Found C045A00I.txt (text/plain) in CBT.V505.FILE943.PDS, moved to PDS/C045A00I
2023-08-06 08:36:03.023648 - Found C045A01.txt (text/plain) in CBT.V505.FILE943.PDS, moved to PDS/C045A01
2023-08-06 08:36:03.024486 - Found C045A02.txt (text/plain) in CBT.V505.FILE943.PDS, moved to PDS/C045A02
2023-08-06 08:36:03.025365 - Found C045A03.txt (text/plain) in CBT.V505.FILE943.PDS, moved to PDS/C045A03
2023-08-06 08:36:03.026365 - Found C045A04.txt (text/plain) in CBT.V505.FILE943.PDS, moved to PDS/C045A04
2023-08-06 08:36:03.027396 - Found C045A05.txt (text/plain) in CBT.V505.FILE943.PDS, moved to PDS/C045A05
2023-08-06 08:36:03.028268 - Found C045A06.txt (text/plain) in CBT.V505.FILE943.PDS, moved to PDS/C045A06
2023-08-06 08:36:03.029309 - Found C045A07.txt (text/plain) in CBT.V505.FILE943.PDS, moved to PDS/C045A07
2023-08-06 08:36:03.030170 - Found C045A08.txt (text/plain) in CBT.V505.FILE943.PDS, moved to PDS/C045A08
2023-08-06 08:36:03.031007 - Found C045A09.txt (text/plain) in CBT.V505.FILE943.PDS, moved to PDS/C045A09
2023-08-06 08:36:03.031919 - Found C045A10.txt (text/plain) in CBT.V505.FILE943.PDS, moved to PDS/C045A10
2023-08-06 08:36:03.032866 - Found C045A11.txt (text/plain) in CBT.V505.FILE943.PDS, moved to PDS/C045A11
2023-08-06 08:36:03.033831 - Found C046A00I.txt (text/plain) in CBT.V505.FILE943.PDS, moved to PDS/C046A00I
2023-08-06 08:36:03.033842 - Found C046A01.bin containing application/octet-stream, moved to PDS/C046A01
2023-08-06 08:36:03.035683 - Found C046A02.txt (text/plain) in CBT.V505.FILE943.PDS, moved to PDS/C046A02
2023-08-06 08:36:03.036590 - Found C046A03.txt (text/plain) in CBT.V505.FILE943.PDS, moved to PDS/C046A03
2023-08-06 08:36:03.037490 - Found C046A04.txt (text/plain) in CBT.V505.FILE943.PDS, moved to PDS/C046A04
2023-08-06 08:36:03.038403 - Found C046A05.txt (text/plain) in CBT.V505.FILE943.PDS, moved to PDS/C046A05
2023-08-06 08:36:03.038412 - Found C046A06.bin containing application/octet-stream, moved to PDS/C046A06
2023-08-06 08:36:03.040100 - Found C046A07.txt (text/plain) in CBT.V505.FILE943.PDS, moved to PDS/C046A07
2023-08-06 08:36:03.040932 - Found C046A08.txt (text/plain) in CBT.V505.FILE943.PDS, moved to PDS/C046A08
2023-08-06 08:36:03.041881 - Found C046A09.txt (text/plain) in CBT.V505.FILE943.PDS, moved to PDS/C046A09
2023-08-06 08:36:03.042763 - Found C046A10.txt (text/plain) in CBT.V505.FILE943.PDS, moved to PDS/C046A10
2023-08-06 08:36:03.043651 - Found C047A00I.txt (text/plain) in CBT.V505.FILE943.PDS, moved to PDS/C047A00I
2023-08-06 08:36:03.043660 - Found C047A01.bin containing application/octet-stream, moved to PDS/C047A01
2023-08-06 08:36:03.045426 - Found C047A02.txt (text/plain) in CBT.V505.FILE943.PDS, moved to PDS/C047A02
2023-08-06 08:36:03.046272 - Found C047A03.txt (text/plain) in CBT.V505.FILE943.PDS, moved to PDS/C047A03
2023-08-06 08:36:03.047129 - Found C047A04.txt (text/plain) in CBT.V505.FILE943.PDS, moved to PDS/C047A04
2023-08-06 08:36:03.047985 - Found C047A05.txt (text/plain) in CBT.V505.FILE943.PDS, moved to PDS/C047A05
2023-08-06 08:36:03.048949 - Found C047A06.txt (text/plain) in CBT.V505.FILE943.PDS, moved to PDS/C047A06
2023-08-06 08:36:03.049889 - Found C047A07.txt (text/plain) in CBT.V505.FILE943.PDS, moved to PDS/C047A07
2023-08-06 08:36:03.049901 - Found C047A08.bin containing application/octet-stream, moved to PDS/C047A08
2023-08-06 08:36:03.051826 - Found C047A09.txt (text/plain) in CBT.V505.FILE943.PDS, moved to PDS/C047A09
2023-08-06 08:36:03.052776 - Found C047A10.txt (text/plain) in CBT.V505.FILE943.PDS, moved to PDS/C047A10
2023-08-06 08:36:03.053723 - Found C048A00I.txt (text/plain) in CBT.V505.FILE943.PDS, moved to PDS/C048A00I
2023-08-06 08:36:03.054744 - Found C048A01.txt (text/plain) in CBT.V505.FILE943.PDS, moved to PDS/C048A01
2023-08-06 08:36:03.055614 - Found C048A02.txt (text/plain) in CBT.V505.FILE943.PDS, moved to PDS/C048A02
2023-08-06 08:36:03.055624 - Found C048A03.bin containing application/octet-stream, moved to PDS/C048A03
2023-08-06 08:36:03.056525 - Found C048A04.bin containing application/octet-stream, moved to PDS/C048A04
2023-08-06 08:36:03.058437 - Found C048A05.txt (text/plain) in CBT.V505.FILE943.PDS, moved to PDS/C048A05
2023-08-06 08:36:03.059345 - Found C048A06.txt (text/plain) in CBT.V505.FILE943.PDS, moved to PDS/C048A06
2023-08-06 08:36:03.060184 - Found C048A07.txt (text/plain) in CBT.V505.FILE943.PDS, moved to PDS/C048A07
2023-08-06 08:36:03.060195 - Found C048A08.bin containing application/octet-stream, moved to PDS/C048A08
2023-08-06 08:36:03.061193 - Found C048A09.bin containing application/octet-stream, moved to PDS/C048A09
2023-08-06 08:36:03.063178 - Found C048A10.txt (text/plain) in CBT.V505.FILE943.PDS, moved to PDS/C048A10
2023-08-06 08:36:03.064187 - Found C049A00I.txt (text/plain) in CBT.V505.FILE943.PDS, moved to PDS/C049A00I
2023-08-06 08:36:03.064200 - Found C049A01.bin containing application/octet-stream, moved to PDS/C049A01
2023-08-06 08:36:03.066553 - Found C049A02.txt (text/plain) in CBT.V505.FILE943.PDS, moved to PDS/C049A02
2023-08-06 08:36:03.067596 - Found C049A03.txt (text/plain) in CBT.V505.FILE943.PDS, moved to PDS/C049A03
2023-08-06 08:36:03.068627 - Found C049A04.txt (text/plain) in CBT.V505.FILE943.PDS, moved to PDS/C049A04
2023-08-06 08:36:03.069588 - Found C049A05.txt (text/plain) in CBT.V505.FILE943.PDS, moved to PDS/C049A05
2023-08-06 08:36:03.069600 - Found C049A06.bin containing application/octet-stream, moved to PDS/C049A06
2023-08-06 08:36:03.071545 - Found C049A07.txt (text/plain) in CBT.V505.FILE943.PDS, moved to PDS/C049A07
2023-08-06 08:36:03.072449 - Found C049A08.txt (text/plain) in CBT.V505.FILE943.PDS, moved to PDS/C049A08
2023-08-06 08:36:03.073445 - Found C050A00I.txt (text/plain) in CBT.V505.FILE943.PDS, moved to PDS/C050A00I
2023-08-06 08:36:03.074390 - Found C050A01.txt (text/plain) in CBT.V505.FILE943.PDS, moved to PDS/C050A01
2023-08-06 08:36:03.075343 - Found C050A02.txt (text/plain) in CBT.V505.FILE943.PDS, moved to PDS/C050A02
2023-08-06 08:36:03.075352 - Found C050A03.bin containing application/octet-stream, moved to PDS/C050A03
2023-08-06 08:36:03.077152 - Found C050A04.txt (text/plain) in CBT.V505.FILE943.PDS, moved to PDS/C050A04
2023-08-06 08:36:03.077161 - Found C050A05.bin containing application/octet-stream, moved to PDS/C050A05
2023-08-06 08:36:03.078955 - Found C050A06.txt (text/plain) in CBT.V505.FILE943.PDS, moved to PDS/C050A06
2023-08-06 08:36:03.078965 - Found C050A07.bin containing application/octet-stream, moved to PDS/C050A07
2023-08-06 08:36:03.080850 - Found C050A08.txt (text/plain) in CBT.V505.FILE943.PDS, moved to PDS/C050A08
2023-08-06 08:36:03.081817 - Found C050A09.txt (text/plain) in CBT.V505.FILE943.PDS, moved to PDS/C050A09
2023-08-06 08:36:03.081827 - Found C050A10.bin containing application/octet-stream, moved to PDS/C050A10
2023-08-06 08:36:03.083619 - Found C051A00I.txt (text/plain) in CBT.V505.FILE943.PDS, moved to PDS/C051A00I
2023-08-06 08:36:03.084453 - Found C051A01.txt (text/plain) in CBT.V505.FILE943.PDS, moved to PDS/C051A01
2023-08-06 08:36:03.085289 - Found C051A02.txt (text/plain) in CBT.V505.FILE943.PDS, moved to PDS/C051A02
2023-08-06 08:36:03.086304 - Found C051A03.txt (text/plain) in CBT.V505.FILE943.PDS, moved to PDS/C051A03
2023-08-06 08:36:03.087254 - Found C051A04.txt (text/plain) in CBT.V505.FILE943.PDS, moved to PDS/C051A04
2023-08-06 08:36:03.088166 - Found C051A05.txt (text/plain) in CBT.V505.FILE943.PDS, moved to PDS/C051A05
2023-08-06 08:36:03.088989 - Found C051A06.txt (text/plain) in CBT.V505.FILE943.PDS, moved to PDS/C051A06
2023-08-06 08:36:03.089967 - Found C051A07.txt (text/plain) in CBT.V505.FILE943.PDS, moved to PDS/C051A07
2023-08-06 08:36:03.090917 - Found C051A08.txt (text/plain) in CBT.V505.FILE943.PDS, moved to PDS/C051A08
2023-08-06 08:36:03.091796 - Found C051A09.txt (text/plain) in CBT.V505.FILE943.PDS, moved to PDS/C051A09
2023-08-06 08:36:03.092627 - Found C051A10.txt (text/plain) in CBT.V505.FILE943.PDS, moved to PDS/C051A10
2023-08-06 08:36:03.093485 - Found C052A00I.txt (text/plain) in CBT.V505.FILE943.PDS, moved to PDS/C052A00I
2023-08-06 08:36:03.094415 - Found C052A01.txt (text/plain) in CBT.V505.FILE943.PDS, moved to PDS/C052A01
2023-08-06 08:36:03.095307 - Found C052A02.txt (text/plain) in CBT.V505.FILE943.PDS, moved to PDS/C052A02
2023-08-06 08:36:03.096231 - Found C052A03.txt (text/plain) in CBT.V505.FILE943.PDS, moved to PDS/C052A03
2023-08-06 08:36:03.097131 - Found C052A04.txt (text/plain) in CBT.V505.FILE943.PDS, moved to PDS/C052A04
2023-08-06 08:36:03.098142 - Found C052A05.txt (text/plain) in CBT.V505.FILE943.PDS, moved to PDS/C052A05
2023-08-06 08:36:03.098154 - Found C052A06.bin containing application/octet-stream, moved to PDS/C052A06
2023-08-06 08:36:03.100146 - Found C052A07.txt (text/plain) in CBT.V505.FILE943.PDS, moved to PDS/C052A07
2023-08-06 08:36:03.101076 - Found C052A08.txt (text/plain) in CBT.V505.FILE943.PDS, moved to PDS/C052A08
2023-08-06 08:36:03.102101 - Found C052A09.txt (text/plain) in CBT.V505.FILE943.PDS, moved to PDS/C052A09
2023-08-06 08:36:03.103057 - Found C053A00I.txt (text/plain) in CBT.V505.FILE943.PDS, moved to PDS/C053A00I
2023-08-06 08:36:03.103068 - Found C053A01.bin containing application/octet-stream, moved to PDS/C053A01
2023-08-06 08:36:03.104899 - Found C053A02.txt (text/plain) in CBT.V505.FILE943.PDS, moved to PDS/C053A02
2023-08-06 08:36:03.105924 - Found C053A03.txt (text/plain) in CBT.V505.FILE943.PDS, moved to PDS/C053A03
2023-08-06 08:36:03.106841 - Found C053A04.txt (text/plain) in CBT.V505.FILE943.PDS, moved to PDS/C053A04
2023-08-06 08:36:03.106851 - Found C053A05.bin containing application/octet-stream, moved to PDS/C053A05
2023-08-06 08:36:03.108574 - Found C053A06.txt (text/plain) in CBT.V505.FILE943.PDS, moved to PDS/C053A06
2023-08-06 08:36:03.109542 - Found C053A07.txt (text/plain) in CBT.V505.FILE943.PDS, moved to PDS/C053A07
2023-08-06 08:36:03.110535 - Found C053A08.txt (text/plain) in CBT.V505.FILE943.PDS, moved to PDS/C053A08
2023-08-06 08:36:03.110548 - Found C053A09.bin containing application/octet-stream, moved to PDS/C053A09
2023-08-06 08:36:03.112237 - Found C054A00I.txt (text/plain) in CBT.V505.FILE943.PDS, moved to PDS/C054A00I
2023-08-06 08:36:03.112246 - Found C054A01.bin containing application/octet-stream, moved to PDS/C054A01
2023-08-06 08:36:03.114045 - Found C054A02.txt (text/plain) in CBT.V505.FILE943.PDS, moved to PDS/C054A02
2023-08-06 08:36:03.115014 - Found C054A03.txt (text/plain) in CBT.V505.FILE943.PDS, moved to PDS/C054A03
2023-08-06 08:36:03.115946 - Found C054A04.txt (text/plain) in CBT.V505.FILE943.PDS, moved to PDS/C054A04
2023-08-06 08:36:03.116900 - Found C054A05.txt (text/plain) in CBT.V505.FILE943.PDS, moved to PDS/C054A05
2023-08-06 08:36:03.118028 - Found C054A06.txt (text/plain) in CBT.V505.FILE943.PDS, moved to PDS/C054A06
2023-08-06 08:36:03.119001 - Found C054A07.txt (text/plain) in CBT.V505.FILE943.PDS, moved to PDS/C054A07
2023-08-06 08:36:03.119011 - Found C054A08.bin containing application/octet-stream, moved to PDS/C054A08
2023-08-06 08:36:03.120978 - Found C055A00I.txt (text/plain) in CBT.V505.FILE943.PDS, moved to PDS/C055A00I
2023-08-06 08:36:03.120992 - Found C055A01.bin containing application/octet-stream, moved to PDS/C055A01
2023-08-06 08:36:03.122916 - Found C055A02.txt (text/plain) in CBT.V505.FILE943.PDS, moved to PDS/C055A02
2023-08-06 08:36:03.123856 - Found C055A03.txt (text/plain) in CBT.V505.FILE943.PDS, moved to PDS/C055A03
2023-08-06 08:36:03.124699 - Found C055A04.txt (text/plain) in CBT.V505.FILE943.PDS, moved to PDS/C055A04
2023-08-06 08:36:03.125604 - Found C055A05.txt (text/plain) in CBT.V505.FILE943.PDS, moved to PDS/C055A05
2023-08-06 08:36:03.125613 - Found C055A06.bin containing application/octet-stream, moved to PDS/C055A06
2023-08-06 08:36:03.126459 - Found C055A07.bin containing application/octet-stream, moved to PDS/C055A07
2023-08-06 08:36:03.128320 - Found C055A08.txt (text/plain) in CBT.V505.FILE943.PDS, moved to PDS/C055A08
2023-08-06 08:36:03.129226 - Found C055A09.txt (text/plain) in CBT.V505.FILE943.PDS, moved to PDS/C055A09
2023-08-06 08:36:03.130132 - Found C056A00I.txt (text/plain) in CBT.V505.FILE943.PDS, moved to PDS/C056A00I
2023-08-06 08:36:03.131042 - Found C056A01.txt (text/plain) in CBT.V505.FILE943.PDS, moved to PDS/C056A01
2023-08-06 08:36:03.132047 - Found C056A02.txt (text/plain) in CBT.V505.FILE943.PDS, moved to PDS/C056A02
2023-08-06 08:36:03.132057 - Found C056A03.bin containing application/octet-stream, moved to PDS/C056A03
2023-08-06 08:36:03.133931 - Found C056A04.txt (text/plain) in CBT.V505.FILE943.PDS, moved to PDS/C056A04
2023-08-06 08:36:03.134918 - Found C056A05.txt (text/plain) in CBT.V505.FILE943.PDS, moved to PDS/C056A05
2023-08-06 08:36:03.135955 - Found C056A06.txt (text/plain) in CBT.V505.FILE943.PDS, moved to PDS/C056A06
2023-08-06 08:36:03.137019 - Found C056A07.txt (text/plain) in CBT.V505.FILE943.PDS, moved to PDS/C056A07
2023-08-06 08:36:03.137992 - Found C056A08.txt (text/plain) in CBT.V505.FILE943.PDS, moved to PDS/C056A08
2023-08-06 08:36:03.139180 - Found C056A09.txt (text/plain) in CBT.V505.FILE943.PDS, moved to PDS/C056A09
2023-08-06 08:36:03.140052 - Found C057A00I.txt (text/plain) in CBT.V505.FILE943.PDS, moved to PDS/C057A00I
2023-08-06 08:36:03.141278 - Found C057A01.txt (text/plain) in CBT.V505.FILE943.PDS, moved to PDS/C057A01
2023-08-06 08:36:03.142096 - Found C057A02.txt (text/plain) in CBT.V505.FILE943.PDS, moved to PDS/C057A02
2023-08-06 08:36:03.142865 - Found C057A03.txt (text/plain) in CBT.V505.FILE943.PDS, moved to PDS/C057A03
2023-08-06 08:36:03.143656 - Found C057A04.txt (text/plain) in CBT.V505.FILE943.PDS, moved to PDS/C057A04
2023-08-06 08:36:03.144428 - Found C057A05.txt (text/plain) in CBT.V505.FILE943.PDS, moved to PDS/C057A05
2023-08-06 08:36:03.145269 - Found C057A06.txt (text/plain) in CBT.V505.FILE943.PDS, moved to PDS/C057A06
2023-08-06 08:36:03.145281 - Found C057A07.bin containing application/octet-stream, moved to PDS/C057A07
2023-08-06 08:36:03.146317 - Found C057A08.bin containing application/octet-stream, moved to PDS/C057A08
2023-08-06 08:36:03.148156 - Found C057A09.txt (text/plain) in CBT.V505.FILE943.PDS, moved to PDS/C057A09
2023-08-06 08:36:03.149061 - Found C057A10.txt (text/plain) in CBT.V505.FILE943.PDS, moved to PDS/C057A10
2023-08-06 08:36:03.150064 - Found C058A00I.txt (text/plain) in CBT.V505.FILE943.PDS, moved to PDS/C058A00I
2023-08-06 08:36:03.150956 - Found C058A01.txt (text/plain) in CBT.V505.FILE943.PDS, moved to PDS/C058A01
2023-08-06 08:36:03.151805 - Found C058A02.txt (text/plain) in CBT.V505.FILE943.PDS, moved to PDS/C058A02
2023-08-06 08:36:03.152667 - Found C058A03.txt (text/plain) in CBT.V505.FILE943.PDS, moved to PDS/C058A03
2023-08-06 08:36:03.152676 - Found C058A04.bin containing application/octet-stream, moved to PDS/C058A04
2023-08-06 08:36:03.154408 - Found C058A05.txt (text/plain) in CBT.V505.FILE943.PDS, moved to PDS/C058A05
2023-08-06 08:36:03.155219 - Found C058A06.txt (text/plain) in CBT.V505.FILE943.PDS, moved to PDS/C058A06
2023-08-06 08:36:03.156052 - Found C058A07.txt (text/plain) in CBT.V505.FILE943.PDS, moved to PDS/C058A07
2023-08-06 08:36:03.156061 - Found C058A08.bin containing application/octet-stream, moved to PDS/C058A08
2023-08-06 08:36:03.157905 - Found C058A09.txt (text/plain) in CBT.V505.FILE943.PDS, moved to PDS/C058A09
2023-08-06 08:36:03.158852 - Found C059A00I.txt (text/plain) in CBT.V505.FILE943.PDS, moved to PDS/C059A00I
2023-08-06 08:36:03.159746 - Found C059A01.txt (text/plain) in CBT.V505.FILE943.PDS, moved to PDS/C059A01
2023-08-06 08:36:03.160614 - Found C059A02.txt (text/plain) in CBT.V505.FILE943.PDS, moved to PDS/C059A02
2023-08-06 08:36:03.161505 - Found C059A03.txt (text/plain) in CBT.V505.FILE943.PDS, moved to PDS/C059A03
2023-08-06 08:36:03.161515 - Found C059A04.bin containing application/octet-stream, moved to PDS/C059A04
2023-08-06 08:36:03.162566 - Found C059A05.bin containing application/octet-stream, moved to PDS/C059A05
2023-08-06 08:36:03.164350 - Found C059A06.txt (text/plain) in CBT.V505.FILE943.PDS, moved to PDS/C059A06
2023-08-06 08:36:03.165240 - Found C059A07.txt (text/plain) in CBT.V505.FILE943.PDS, moved to PDS/C059A07
2023-08-06 08:36:03.166263 - Found C059A08.txt (text/plain) in CBT.V505.FILE943.PDS, moved to PDS/C059A08
2023-08-06 08:36:03.167211 - Found C060A00I.txt (text/plain) in CBT.V505.FILE943.PDS, moved to PDS/C060A00I
2023-08-06 08:36:03.168102 - Found C060A01.txt (text/plain) in CBT.V505.FILE943.PDS, moved to PDS/C060A01
2023-08-06 08:36:03.168946 - Found C060A02.txt (text/plain) in CBT.V505.FILE943.PDS, moved to PDS/C060A02
2023-08-06 08:36:03.168955 - Found C060A03.bin containing application/octet-stream, moved to PDS/C060A03
2023-08-06 08:36:03.170705 - Found C060A04.txt (text/plain) in CBT.V505.FILE943.PDS, moved to PDS/C060A04
2023-08-06 08:36:03.171710 - Found C060A05.txt (text/plain) in CBT.V505.FILE943.PDS, moved to PDS/C060A05
2023-08-06 08:36:03.172762 - Found C060A06.txt (text/plain) in CBT.V505.FILE943.PDS, moved to PDS/C060A06
2023-08-06 08:36:03.173903 - Found C060A07.txt (text/plain) in CBT.V505.FILE943.PDS, moved to PDS/C060A07
2023-08-06 08:36:03.174960 - Found C060A08.txt (text/plain) in CBT.V505.FILE943.PDS, moved to PDS/C060A08
2023-08-06 08:36:03.176012 - Found C060A09.txt (text/plain) in CBT.V505.FILE943.PDS, moved to PDS/C060A09
2023-08-06 08:36:03.176947 - Found C060A10.txt (text/plain) in CBT.V505.FILE943.PDS, moved to PDS/C060A10
2023-08-06 08:36:03.177965 - Found C061A00I.txt (text/plain) in CBT.V505.FILE943.PDS, moved to PDS/C061A00I
2023-08-06 08:36:03.177975 - Found C061A01.bin containing application/octet-stream, moved to PDS/C061A01
2023-08-06 08:36:03.179990 - Found C061A02.txt (text/plain) in CBT.V505.FILE943.PDS, moved to PDS/C061A02
2023-08-06 08:36:03.181041 - Found C061A03.txt (text/plain) in CBT.V505.FILE943.PDS, moved to PDS/C061A03
2023-08-06 08:36:03.182015 - Found C061A04.txt (text/plain) in CBT.V505.FILE943.PDS, moved to PDS/C061A04
2023-08-06 08:36:03.183025 - Found C061A05.txt (text/plain) in CBT.V505.FILE943.PDS, moved to PDS/C061A05
2023-08-06 08:36:03.184089 - Found C061A06.txt (text/plain) in CBT.V505.FILE943.PDS, moved to PDS/C061A06
2023-08-06 08:36:03.185045 - Found C061A07.txt (text/plain) in CBT.V505.FILE943.PDS, moved to PDS/C061A07
2023-08-06 08:36:03.185055 - Found C061A08.bin containing application/octet-stream, moved to PDS/C061A08
2023-08-06 08:36:03.187023 - Found C062A00I.txt (text/plain) in CBT.V505.FILE943.PDS, moved to PDS/C062A00I
2023-08-06 08:36:03.188027 - Found C062A01.txt (text/plain) in CBT.V505.FILE943.PDS, moved to PDS/C062A01
2023-08-06 08:36:03.189051 - Found C062A02.txt (text/plain) in CBT.V505.FILE943.PDS, moved to PDS/C062A02
2023-08-06 08:36:03.189947 - Found C062A03.txt (text/plain) in CBT.V505.FILE943.PDS, moved to PDS/C062A03
2023-08-06 08:36:03.190947 - Found C062A04.txt (text/plain) in CBT.V505.FILE943.PDS, moved to PDS/C062A04
2023-08-06 08:36:03.192045 - Found C062A05.txt (text/plain) in CBT.V505.FILE943.PDS, moved to PDS/C062A05
2023-08-06 08:36:03.193118 - Found C062A06.txt (text/plain) in CBT.V505.FILE943.PDS, moved to PDS/C062A06
2023-08-06 08:36:03.194123 - Found C062A07.txt (text/plain) in CBT.V505.FILE943.PDS, moved to PDS/C062A07
2023-08-06 08:36:03.195225 - Found C062A08.txt (text/plain) in CBT.V505.FILE943.PDS, moved to PDS/C062A08
2023-08-06 08:36:03.196254 - Found C063A00I.txt (text/plain) in CBT.V505.FILE943.PDS, moved to PDS/C063A00I
2023-08-06 08:36:03.197348 - Found C063A01.txt (text/plain) in CBT.V505.FILE943.PDS, moved to PDS/C063A01
2023-08-06 08:36:03.198362 - Found C063A02.txt (text/plain) in CBT.V505.FILE943.PDS, moved to PDS/C063A02
2023-08-06 08:36:03.199387 - Found C063A03.txt (text/plain) in CBT.V505.FILE943.PDS, moved to PDS/C063A03
2023-08-06 08:36:03.200509 - Found C063A04.txt (text/plain) in CBT.V505.FILE943.PDS, moved to PDS/C063A04
2023-08-06 08:36:03.201675 - Found C063A05.txt (text/plain) in CBT.V505.FILE943.PDS, moved to PDS/C063A05
2023-08-06 08:36:03.202708 - Found C063A06.txt (text/plain) in CBT.V505.FILE943.PDS, moved to PDS/C063A06
2023-08-06 08:36:03.203743 - Found C063A07.txt (text/plain) in CBT.V505.FILE943.PDS, moved to PDS/C063A07
2023-08-06 08:36:03.204755 - Found C063A08.txt (text/plain) in CBT.V505.FILE943.PDS, moved to PDS/C063A08
2023-08-06 08:36:03.205682 - Found C063A09.txt (text/plain) in CBT.V505.FILE943.PDS, moved to PDS/C063A09
2023-08-06 08:36:03.206554 - Found C064A00I.txt (text/plain) in CBT.V505.FILE943.PDS, moved to PDS/C064A00I
2023-08-06 08:36:03.207538 - Found C064A01.txt (text/plain) in CBT.V505.FILE943.PDS, moved to PDS/C064A01
2023-08-06 08:36:03.208435 - Found C064A02.txt (text/plain) in CBT.V505.FILE943.PDS, moved to PDS/C064A02
2023-08-06 08:36:03.209390 - Found C064A03.txt (text/plain) in CBT.V505.FILE943.PDS, moved to PDS/C064A03
2023-08-06 08:36:03.210383 - Found C064A04.txt (text/plain) in CBT.V505.FILE943.PDS, moved to PDS/C064A04
2023-08-06 08:36:03.211525 - Found C064A05.txt (text/plain) in CBT.V505.FILE943.PDS, moved to PDS/C064A05
2023-08-06 08:36:03.212463 - Found C064A06.txt (text/plain) in CBT.V505.FILE943.PDS, moved to PDS/C064A06
2023-08-06 08:36:03.213451 - Found C064A07.txt (text/plain) in CBT.V505.FILE943.PDS, moved to PDS/C064A07
2023-08-06 08:36:03.214276 - Found C064A08.txt (text/plain) in CBT.V505.FILE943.PDS, moved to PDS/C064A08
2023-08-06 08:36:03.215231 - Found C065A00I.txt (text/plain) in CBT.V505.FILE943.PDS, moved to PDS/C065A00I
2023-08-06 08:36:03.216145 - Found C065A01.txt (text/plain) in CBT.V505.FILE943.PDS, moved to PDS/C065A01
2023-08-06 08:36:03.217090 - Found C065A02.txt (text/plain) in CBT.V505.FILE943.PDS, moved to PDS/C065A02
2023-08-06 08:36:03.218079 - Found C065A03.txt (text/plain) in CBT.V505.FILE943.PDS, moved to PDS/C065A03
2023-08-06 08:36:03.219008 - Found C065A04.txt (text/plain) in CBT.V505.FILE943.PDS, moved to PDS/C065A04
2023-08-06 08:36:03.219883 - Found C065A05.txt (text/plain) in CBT.V505.FILE943.PDS, moved to PDS/C065A05
2023-08-06 08:36:03.220732 - Found C065A06.txt (text/plain) in CBT.V505.FILE943.PDS, moved to PDS/C065A06
2023-08-06 08:36:03.221636 - Found C065A07.txt (text/plain) in CBT.V505.FILE943.PDS, moved to PDS/C065A07
2023-08-06 08:36:03.222496 - Found C065A08.txt (text/plain) in CBT.V505.FILE943.PDS, moved to PDS/C065A08
2023-08-06 08:36:03.223359 - Found C065A09.txt (text/plain) in CBT.V505.FILE943.PDS, moved to PDS/C065A09
2023-08-06 08:36:03.224211 - Found C066A00I.txt (text/plain) in CBT.V505.FILE943.PDS, moved to PDS/C066A00I
2023-08-06 08:36:03.225106 - Found C066A01.txt (text/plain) in CBT.V505.FILE943.PDS, moved to PDS/C066A01
2023-08-06 08:36:03.226012 - Found C066A02.txt (text/plain) in CBT.V505.FILE943.PDS, moved to PDS/C066A02
2023-08-06 08:36:03.226944 - Found C066A03.txt (text/plain) in CBT.V505.FILE943.PDS, moved to PDS/C066A03
2023-08-06 08:36:03.227934 - Found C066A04.txt (text/plain) in CBT.V505.FILE943.PDS, moved to PDS/C066A04
2023-08-06 08:36:03.228866 - Found C066A05.txt (text/plain) in CBT.V505.FILE943.PDS, moved to PDS/C066A05
2023-08-06 08:36:03.229857 - Found C066A06.txt (text/plain) in CBT.V505.FILE943.PDS, moved to PDS/C066A06
2023-08-06 08:36:03.230848 - Found C066A07.txt (text/plain) in CBT.V505.FILE943.PDS, moved to PDS/C066A07
2023-08-06 08:36:03.231720 - Found C066A08.txt (text/plain) in CBT.V505.FILE943.PDS, moved to PDS/C066A08
2023-08-06 08:36:03.232853 - Found C067A00I.txt (text/plain) in CBT.V505.FILE943.PDS, moved to PDS/C067A00I
2023-08-06 08:36:03.233925 - Found C067A01.txt (text/plain) in CBT.V505.FILE943.PDS, moved to PDS/C067A01
2023-08-06 08:36:03.234923 - Found C067A02.txt (text/plain) in CBT.V505.FILE943.PDS, moved to PDS/C067A02
2023-08-06 08:36:03.236094 - Found C067A03.txt (text/plain) in CBT.V505.FILE943.PDS, moved to PDS/C067A03
2023-08-06 08:36:03.237209 - Found C067A04.txt (text/plain) in CBT.V505.FILE943.PDS, moved to PDS/C067A04
2023-08-06 08:36:03.238266 - Found C067A05.txt (text/plain) in CBT.V505.FILE943.PDS, moved to PDS/C067A05
2023-08-06 08:36:03.239283 - Found C067A06.txt (text/plain) in CBT.V505.FILE943.PDS, moved to PDS/C067A06
2023-08-06 08:36:03.240262 - Found C067A07.txt (text/plain) in CBT.V505.FILE943.PDS, moved to PDS/C067A07
2023-08-06 08:36:03.241147 - Found C067A08.txt (text/plain) in CBT.V505.FILE943.PDS, moved to PDS/C067A08
2023-08-06 08:36:03.242114 - Found C068A00I.txt (text/plain) in CBT.V505.FILE943.PDS, moved to PDS/C068A00I
2023-08-06 08:36:03.243076 - Found C068A01.txt (text/plain) in CBT.V505.FILE943.PDS, moved to PDS/C068A01
2023-08-06 08:36:03.244200 - Found C068A02.txt (text/plain) in CBT.V505.FILE943.PDS, moved to PDS/C068A02
2023-08-06 08:36:03.245227 - Found C068A03.txt (text/plain) in CBT.V505.FILE943.PDS, moved to PDS/C068A03
2023-08-06 08:36:03.245240 - Found C068A04.bin containing application/octet-stream, moved to PDS/C068A04
2023-08-06 08:36:03.247221 - Found C068A05.txt (text/plain) in CBT.V505.FILE943.PDS, moved to PDS/C068A05
2023-08-06 08:36:03.248214 - Found C068A06.txt (text/plain) in CBT.V505.FILE943.PDS, moved to PDS/C068A06
2023-08-06 08:36:03.249220 - Found C068A07.txt (text/plain) in CBT.V505.FILE943.PDS, moved to PDS/C068A07
2023-08-06 08:36:03.250159 - Found C068A08.txt (text/plain) in CBT.V505.FILE943.PDS, moved to PDS/C068A08
2023-08-06 08:36:03.251237 - Found C069A00I.txt (text/plain) in CBT.V505.FILE943.PDS, moved to PDS/C069A00I
2023-08-06 08:36:03.252228 - Found C069A01.txt (text/plain) in CBT.V505.FILE943.PDS, moved to PDS/C069A01
2023-08-06 08:36:03.253173 - Found C069A02.txt (text/plain) in CBT.V505.FILE943.PDS, moved to PDS/C069A02
2023-08-06 08:36:03.254248 - Found C069A03.txt (text/plain) in CBT.V505.FILE943.PDS, moved to PDS/C069A03
2023-08-06 08:36:03.255263 - Found C069A04.txt (text/plain) in CBT.V505.FILE943.PDS, moved to PDS/C069A04
2023-08-06 08:36:03.256200 - Found C069A05.txt (text/plain) in CBT.V505.FILE943.PDS, moved to PDS/C069A05
2023-08-06 08:36:03.257170 - Found C069A06.txt (text/plain) in CBT.V505.FILE943.PDS, moved to PDS/C069A06
2023-08-06 08:36:03.258210 - Found C069A07.txt (text/plain) in CBT.V505.FILE943.PDS, moved to PDS/C069A07
2023-08-06 08:36:03.259203 - Found C069A08.txt (text/plain) in CBT.V505.FILE943.PDS, moved to PDS/C069A08
2023-08-06 08:36:03.260110 - Found C070A00I.txt (text/plain) in CBT.V505.FILE943.PDS, moved to PDS/C070A00I
2023-08-06 08:36:03.261205 - Found C070A01.txt (text/plain) in CBT.V505.FILE943.PDS, moved to PDS/C070A01
2023-08-06 08:36:03.262173 - Found C070A02.txt (text/plain) in CBT.V505.FILE943.PDS, moved to PDS/C070A02
2023-08-06 08:36:03.263287 - Found C070A03.txt (text/plain) in CBT.V505.FILE943.PDS, moved to PDS/C070A03
2023-08-06 08:36:03.264401 - Found C070A04.txt (text/plain) in CBT.V505.FILE943.PDS, moved to PDS/C070A04
2023-08-06 08:36:03.265451 - Found C070A05.txt (text/plain) in CBT.V505.FILE943.PDS, moved to PDS/C070A05
2023-08-06 08:36:03.266300 - Found C070A06.txt (text/plain) in CBT.V505.FILE943.PDS, moved to PDS/C070A06
2023-08-06 08:36:03.267187 - Found C070A07.txt (text/plain) in CBT.V505.FILE943.PDS, moved to PDS/C070A07
2023-08-06 08:36:03.268274 - Found C070A08.txt (text/plain) in CBT.V505.FILE943.PDS, moved to PDS/C070A08
2023-08-06 08:36:03.269380 - Found C071A00I.txt (text/plain) in CBT.V505.FILE943.PDS, moved to PDS/C071A00I
2023-08-06 08:36:03.270364 - Found C071A01.txt (text/plain) in CBT.V505.FILE943.PDS, moved to PDS/C071A01
2023-08-06 08:36:03.271493 - Found C071A02.txt (text/plain) in CBT.V505.FILE943.PDS, moved to PDS/C071A02
2023-08-06 08:36:03.272558 - Found C071A03.txt (text/plain) in CBT.V505.FILE943.PDS, moved to PDS/C071A03
2023-08-06 08:36:03.273460 - Found C071A04.txt (text/plain) in CBT.V505.FILE943.PDS, moved to PDS/C071A04
2023-08-06 08:36:03.274552 - Found C071A05.txt (text/plain) in CBT.V505.FILE943.PDS, moved to PDS/C071A05
2023-08-06 08:36:03.275626 - Found C071A06.txt (text/plain) in CBT.V505.FILE943.PDS, moved to PDS/C071A06
2023-08-06 08:36:03.276517 - Found C071A07.txt (text/plain) in CBT.V505.FILE943.PDS, moved to PDS/C071A07
2023-08-06 08:36:03.277517 - Found C071A08.txt (text/plain) in CBT.V505.FILE943.PDS, moved to PDS/C071A08
2023-08-06 08:36:03.278407 - Found C072A00I.txt (text/plain) in CBT.V505.FILE943.PDS, moved to PDS/C072A00I
2023-08-06 08:36:03.279353 - Found C072A01.txt (text/plain) in CBT.V505.FILE943.PDS, moved to PDS/C072A01
2023-08-06 08:36:03.280338 - Found C072A02.txt (text/plain) in CBT.V505.FILE943.PDS, moved to PDS/C072A02
2023-08-06 08:36:03.281313 - Found C072A03.txt (text/plain) in CBT.V505.FILE943.PDS, moved to PDS/C072A03
2023-08-06 08:36:03.282344 - Found C072A04.txt (text/plain) in CBT.V505.FILE943.PDS, moved to PDS/C072A04
2023-08-06 08:36:03.283306 - Found C072A05.txt (text/plain) in CBT.V505.FILE943.PDS, moved to PDS/C072A05
2023-08-06 08:36:03.284211 - Found C072A06.txt (text/plain) in CBT.V505.FILE943.PDS, moved to PDS/C072A06
2023-08-06 08:36:03.285069 - Found C072A07.txt (text/plain) in CBT.V505.FILE943.PDS, moved to PDS/C072A07
2023-08-06 08:36:03.286010 - Found C072A08.txt (text/plain) in CBT.V505.FILE943.PDS, moved to PDS/C072A08
2023-08-06 08:36:03.286884 - Found C073A00I.txt (text/plain) in CBT.V505.FILE943.PDS, moved to PDS/C073A00I
2023-08-06 08:36:03.287858 - Found C073A01.txt (text/plain) in CBT.V505.FILE943.PDS, moved to PDS/C073A01
2023-08-06 08:36:03.288815 - Found C073A02.txt (text/plain) in CBT.V505.FILE943.PDS, moved to PDS/C073A02
2023-08-06 08:36:03.289757 - Found C073A03.txt (text/plain) in CBT.V505.FILE943.PDS, moved to PDS/C073A03
2023-08-06 08:36:03.290698 - Found C073A04.txt (text/plain) in CBT.V505.FILE943.PDS, moved to PDS/C073A04
2023-08-06 08:36:03.291700 - Found C073A05.txt (text/plain) in CBT.V505.FILE943.PDS, moved to PDS/C073A05
2023-08-06 08:36:03.292678 - Found C073A06.txt (text/plain) in CBT.V505.FILE943.PDS, moved to PDS/C073A06
2023-08-06 08:36:03.293598 - Found C073A07.txt (text/plain) in CBT.V505.FILE943.PDS, moved to PDS/C073A07
2023-08-06 08:36:03.294521 - Found C073A08.txt (text/plain) in CBT.V505.FILE943.PDS, moved to PDS/C073A08
2023-08-06 08:36:03.295488 - Found C074A00I.txt (text/plain) in CBT.V505.FILE943.PDS, moved to PDS/C074A00I
2023-08-06 08:36:03.296464 - Found C074A01.txt (text/plain) in CBT.V505.FILE943.PDS, moved to PDS/C074A01
2023-08-06 08:36:03.297435 - Found C074A02.txt (text/plain) in CBT.V505.FILE943.PDS, moved to PDS/C074A02
2023-08-06 08:36:03.298420 - Found C074A03.txt (text/plain) in CBT.V505.FILE943.PDS, moved to PDS/C074A03
2023-08-06 08:36:03.299396 - Found C074A04.txt (text/plain) in CBT.V505.FILE943.PDS, moved to PDS/C074A04
2023-08-06 08:36:03.300310 - Found C074A05.txt (text/plain) in CBT.V505.FILE943.PDS, moved to PDS/C074A05
2023-08-06 08:36:03.301315 - Found C074A06.txt (text/plain) in CBT.V505.FILE943.PDS, moved to PDS/C074A06
2023-08-06 08:36:03.302274 - Found C074A07.txt (text/plain) in CBT.V505.FILE943.PDS, moved to PDS/C074A07
2023-08-06 08:36:03.303257 - Found C074A08.txt (text/plain) in CBT.V505.FILE943.PDS, moved to PDS/C074A08
2023-08-06 08:36:03.304189 - Found C075A00I.txt (text/plain) in CBT.V505.FILE943.PDS, moved to PDS/C075A00I
2023-08-06 08:36:03.304202 - Found C075A01.bin containing application/octet-stream, moved to PDS/C075A01
2023-08-06 08:36:03.306191 - Found C075A02.txt (text/plain) in CBT.V505.FILE943.PDS, moved to PDS/C075A02
2023-08-06 08:36:03.307175 - Found C075A03.txt (text/plain) in CBT.V505.FILE943.PDS, moved to PDS/C075A03
2023-08-06 08:36:03.308117 - Found C075A04.txt (text/plain) in CBT.V505.FILE943.PDS, moved to PDS/C075A04
2023-08-06 08:36:03.309074 - Found C075A05.txt (text/plain) in CBT.V505.FILE943.PDS, moved to PDS/C075A05
2023-08-06 08:36:03.310073 - Found C075A06.txt (text/plain) in CBT.V505.FILE943.PDS, moved to PDS/C075A06
2023-08-06 08:36:03.311079 - Found C075A07.txt (text/plain) in CBT.V505.FILE943.PDS, moved to PDS/C075A07
2023-08-06 08:36:03.312066 - Found C075A08.txt (text/plain) in CBT.V505.FILE943.PDS, moved to PDS/C075A08
2023-08-06 08:36:03.313043 - Found C076A00I.txt (text/plain) in CBT.V505.FILE943.PDS, moved to PDS/C076A00I
2023-08-06 08:36:03.314031 - Found C076A01.txt (text/plain) in CBT.V505.FILE943.PDS, moved to PDS/C076A01
2023-08-06 08:36:03.314979 - Found C076A02.txt (text/plain) in CBT.V505.FILE943.PDS, moved to PDS/C076A02
2023-08-06 08:36:03.315945 - Found C076A03.txt (text/plain) in CBT.V505.FILE943.PDS, moved to PDS/C076A03
2023-08-06 08:36:03.316931 - Found C076A04.txt (text/plain) in CBT.V505.FILE943.PDS, moved to PDS/C076A04
2023-08-06 08:36:03.317957 - Found C076A05.txt (text/plain) in CBT.V505.FILE943.PDS, moved to PDS/C076A05
2023-08-06 08:36:03.318921 - Found C076A06.txt (text/plain) in CBT.V505.FILE943.PDS, moved to PDS/C076A06
2023-08-06 08:36:03.319897 - Found C076A07.txt (text/plain) in CBT.V505.FILE943.PDS, moved to PDS/C076A07
2023-08-06 08:36:03.320847 - Found C076A08.txt (text/plain) in CBT.V505.FILE943.PDS, moved to PDS/C076A08
2023-08-06 08:36:03.321821 - Found C077A00I.txt (text/plain) in CBT.V505.FILE943.PDS, moved to PDS/C077A00I
2023-08-06 08:36:03.322660 - Found C077A01.txt (text/plain) in CBT.V505.FILE943.PDS, moved to PDS/C077A01
2023-08-06 08:36:03.323593 - Found C077A02.txt (text/plain) in CBT.V505.FILE943.PDS, moved to PDS/C077A02
2023-08-06 08:36:03.324527 - Found C077A03.txt (text/plain) in CBT.V505.FILE943.PDS, moved to PDS/C077A03
2023-08-06 08:36:03.325452 - Found C077A04.txt (text/plain) in CBT.V505.FILE943.PDS, moved to PDS/C077A04
2023-08-06 08:36:03.326442 - Found C077A05.txt (text/plain) in CBT.V505.FILE943.PDS, moved to PDS/C077A05
2023-08-06 08:36:03.327430 - Found C077A06.txt (text/plain) in CBT.V505.FILE943.PDS, moved to PDS/C077A06
2023-08-06 08:36:03.328393 - Found C077A07.txt (text/plain) in CBT.V505.FILE943.PDS, moved to PDS/C077A07
2023-08-06 08:36:03.328402 - Found C077A08.bin containing application/octet-stream, moved to PDS/C077A08
2023-08-06 08:36:03.330317 - Found C078A00I.txt (text/plain) in CBT.V505.FILE943.PDS, moved to PDS/C078A00I
2023-08-06 08:36:03.331270 - Found C078A01.txt (text/plain) in CBT.V505.FILE943.PDS, moved to PDS/C078A01
2023-08-06 08:36:03.332240 - Found C078A02.txt (text/plain) in CBT.V505.FILE943.PDS, moved to PDS/C078A02
2023-08-06 08:36:03.333192 - Found C078A03.txt (text/plain) in CBT.V505.FILE943.PDS, moved to PDS/C078A03
2023-08-06 08:36:03.334169 - Found C078A04.txt (text/plain) in CBT.V505.FILE943.PDS, moved to PDS/C078A04
2023-08-06 08:36:03.335123 - Found C078A05.txt (text/plain) in CBT.V505.FILE943.PDS, moved to PDS/C078A05
2023-08-06 08:36:03.336062 - Found C078A06.txt (text/plain) in CBT.V505.FILE943.PDS, moved to PDS/C078A06
2023-08-06 08:36:03.336912 - Found C078A07.txt (text/plain) in CBT.V505.FILE943.PDS, moved to PDS/C078A07
2023-08-06 08:36:03.337852 - Found C078A08.txt (text/plain) in CBT.V505.FILE943.PDS, moved to PDS/C078A08
2023-08-06 08:36:03.338770 - Found C079A00I.txt (text/plain) in CBT.V505.FILE943.PDS, moved to PDS/C079A00I
2023-08-06 08:36:03.339609 - Found C079A01.txt (text/plain) in CBT.V505.FILE943.PDS, moved to PDS/C079A01
2023-08-06 08:36:03.340435 - Found C079A02.txt (text/plain) in CBT.V505.FILE943.PDS, moved to PDS/C079A02
2023-08-06 08:36:03.341452 - Found C079A03.txt (text/plain) in CBT.V505.FILE943.PDS, moved to PDS/C079A03
2023-08-06 08:36:03.342323 - Found C079A04.txt (text/plain) in CBT.V505.FILE943.PDS, moved to PDS/C079A04
2023-08-06 08:36:03.343165 - Found C079A05.txt (text/plain) in CBT.V505.FILE943.PDS, moved to PDS/C079A05
2023-08-06 08:36:03.343995 - Found C079A06.txt (text/plain) in CBT.V505.FILE943.PDS, moved to PDS/C079A06
2023-08-06 08:36:03.344883 - Found C079A07.txt (text/plain) in CBT.V505.FILE943.PDS, moved to PDS/C079A07
2023-08-06 08:36:03.345915 - Found C080A00I.txt (text/plain) in CBT.V505.FILE943.PDS, moved to PDS/C080A00I
2023-08-06 08:36:03.345924 - Found C080A01.bin containing application/octet-stream, moved to PDS/C080A01
2023-08-06 08:36:03.346865 - Found C080A02.bin containing application/octet-stream, moved to PDS/C080A02
2023-08-06 08:36:03.348822 - Found C080A03.txt (text/plain) in CBT.V505.FILE943.PDS, moved to PDS/C080A03
2023-08-06 08:36:03.349713 - Found C080A04.txt (text/plain) in CBT.V505.FILE943.PDS, moved to PDS/C080A04
2023-08-06 08:36:03.350666 - Found C080A05.txt (text/plain) in CBT.V505.FILE943.PDS, moved to PDS/C080A05
2023-08-06 08:36:03.351700 - Found C080A06.txt (text/plain) in CBT.V505.FILE943.PDS, moved to PDS/C080A06
2023-08-06 08:36:03.352659 - Found C080A07.txt (text/plain) in CBT.V505.FILE943.PDS, moved to PDS/C080A07
2023-08-06 08:36:03.353649 - Found C080A08.txt (text/plain) in CBT.V505.FILE943.PDS, moved to PDS/C080A08
2023-08-06 08:36:03.354621 - Found C086A00I.txt (text/plain) in CBT.V505.FILE943.PDS, moved to PDS/C086A00I
2023-08-06 08:36:03.355514 - Found C086A01.txt (text/plain) in CBT.V505.FILE943.PDS, moved to PDS/C086A01
2023-08-06 08:36:03.356451 - Found C086A02.txt (text/plain) in CBT.V505.FILE943.PDS, moved to PDS/C086A02
2023-08-06 08:36:03.357432 - Found C086A03.txt (text/plain) in CBT.V505.FILE943.PDS, moved to PDS/C086A03
2023-08-06 08:36:03.358377 - Found C086A04.txt (text/plain) in CBT.V505.FILE943.PDS, moved to PDS/C086A04
2023-08-06 08:36:03.359326 - Found C086A05.txt (text/plain) in CBT.V505.FILE943.PDS, moved to PDS/C086A05
2023-08-06 08:36:03.360208 - Found C086A06.txt (text/plain) in CBT.V505.FILE943.PDS, moved to PDS/C086A06
2023-08-06 08:36:03.361156 - Found C086A07.txt (text/plain) in CBT.V505.FILE943.PDS, moved to PDS/C086A07
